<?xml version="1.0" encoding="UTF-8"?>
<testng-results skipped="0" failed="0" ignored="0" total="1" passed="1">
  <reporter-output>
  </reporter-output>
  <suite name="Default suite" duration-ms="13769" started-at="2021-01-13T11:10:19 CST" finished-at="2021-01-13T11:10:33 CST">
    <groups>
    </groups>
    <test name="Default test" duration-ms="13769" started-at="2021-01-13T11:10:19 CST" finished-at="2021-01-13T11:10:33 CST">
      <class name="pruebaBuscador.TestBuscador">
        <test-method status="PASS" signature="beforeTest()[pri:0, instance:pruebaBuscador.TestBuscador@16eabae]" name="beforeTest" is-config="true" duration-ms="3246" started-at="2021-01-13T11:10:19 CST" finished-at="2021-01-13T11:10:22 CST">
          <reporter-output>
          </reporter-output>
        </test-method> <!-- beforeTest -->
        <test-method status="PASS" signature="BusquedaBatman()[pri:0, instance:pruebaBuscador.TestBuscador@16eabae]" name="BusquedaBatman" duration-ms="10497" started-at="2021-01-13T11:10:22 CST" finished-at="2021-01-13T11:10:33 CST">
          <reporter-output>
          </reporter-output>
        </test-method> <!-- BusquedaBatman -->
      </class> <!-- pruebaBuscador.TestBuscador -->
    </test> <!-- Default test -->
  </suite> <!-- Default suite -->
</testng-results>
